android/app/build/intermediates/manifest_merge_blame_file/debug/manifest-merger-blame-debug-report.txt
1<?xml version="1.0" encoding="utf-8"?>
2<manifest xmlns:android="http://schemas.android.com/apk/res/android"
3    package="com.nobelist"
4    android:versionCode="1"
5    android:versionName="1.0" >
6
7    <uses-sdk
8        android:minSdkVersion="21"
9        android:targetSdkVersion="33" />
10
11    <uses-permission android:name="android.permission.SYSTEM_ALERT_WINDOW" />
11-->src/debug/AndroidManifest.xml:5:5-77
11-->src/debug/AndroidManifest.xml:5:22-75
12    <uses-permission android:name="android.permission.INTERNET" />
12-->src/main/AndroidManifest.xml:3:5-67
12-->src/main/AndroidManifest.xml:3:22-64
13    <uses-permission android:name="android.permission.ACCESS_WIFI_STATE" />
13-->[com.facebook.flipper:flipper:0.182.0] AndroidManifest.xml:16:5-76
13-->[com.facebook.flipper:flipper:0.182.0] AndroidManifest.xml:16:22-73
14    <uses-permission android:name="android.permission.WAKE_LOCK" />
14-->[:react-native-firebase_auth] AndroidManifest.xml:8:5-68
14-->[:react-native-firebase_auth] AndroidManifest.xml:8:22-65
15    <uses-permission android:name="android.permission.ACCESS_NETWORK_STATE" />
15-->[:react-native-firebase_auth] AndroidManifest.xml:9:5-79
15-->[:react-native-firebase_auth] AndroidManifest.xml:9:22-76
16    <uses-permission android:name="android.permission.VIBRATE" />
16-->[:react-native-haptic-feedback] AndroidManifest.xml:7:5-66
16-->[:react-native-haptic-feedback] AndroidManifest.xml:7:22-63
17
18    <application
18-->src/main/AndroidManifest.xml:5:5-24:19
19        android:name="com.nobelist.MainApplication"
19-->src/main/AndroidManifest.xml:6:7-38
20        android:allowBackup="false"
20-->src/main/AndroidManifest.xml:10:7-34
21        android:appComponentFactory="androidx.core.app.CoreComponentFactory"
21-->[androidx.core:core:1.7.0] AndroidManifest.xml:24:18-86
22        android:debuggable="true"
23        android:icon="@mipmap/ic_launcher"
23-->src/main/AndroidManifest.xml:8:7-41
24        android:label="@string/app_name"
24-->src/main/AndroidManifest.xml:7:7-39
25        android:roundIcon="@mipmap/ic_launcher_round"
25-->src/main/AndroidManifest.xml:9:7-52
26        android:theme="@style/AppTheme"
26-->src/main/AndroidManifest.xml:11:7-38
27        android:usesCleartextTraffic="true" >
27-->src/debug/AndroidManifest.xml:8:9-44
28        <activity
28-->src/debug/AndroidManifest.xml:11:9-111
29            android:name="com.facebook.react.devsupport.DevSettingsActivity"
29-->src/debug/AndroidManifest.xml:11:19-83
30            android:exported="false" />
30-->src/debug/AndroidManifest.xml:11:84-108
31        <activity
31-->src/main/AndroidManifest.xml:12:7-23:18
32            android:name="com.nobelist.MainActivity"
32-->src/main/AndroidManifest.xml:13:9-37
33            android:configChanges="keyboard|keyboardHidden|orientation|screenLayout|screenSize|smallestScreenSize|uiMode"
33-->src/main/AndroidManifest.xml:15:9-118
34            android:exported="true"
34-->src/main/AndroidManifest.xml:18:9-32
35            android:label="@string/app_name"
35-->src/main/AndroidManifest.xml:14:9-41
36            android:launchMode="singleTask"
36-->src/main/AndroidManifest.xml:16:9-40
37            android:windowSoftInputMode="adjustResize" >
37-->src/main/AndroidManifest.xml:17:9-51
38            <intent-filter>
38-->src/main/AndroidManifest.xml:19:9-22:25
39                <action android:name="android.intent.action.MAIN" />
39-->src/main/AndroidManifest.xml:20:13-65
39-->src/main/AndroidManifest.xml:20:21-62
40
41                <category android:name="android.intent.category.LAUNCHER" />
41-->src/main/AndroidManifest.xml:21:13-73
41-->src/main/AndroidManifest.xml:21:23-70
42            </intent-filter>
43        </activity>
44
45        <meta-data
45-->[:react-native-firebase_app] AndroidManifest.xml:9:9-11:36
46            android:name="app_data_collection_default_enabled"
46-->[:react-native-firebase_app] AndroidManifest.xml:10:13-63
47            android:value="true" />
47-->[:react-native-firebase_app] AndroidManifest.xml:11:13-33
48
49        <service
49-->[:react-native-firebase_app] AndroidManifest.xml:13:9-21:19
50            android:name="com.google.firebase.components.ComponentDiscoveryService"
50-->[:react-native-firebase_app] AndroidManifest.xml:14:13-84
51            android:directBootAware="true"
51-->[:react-native-firebase_app] AndroidManifest.xml:15:13-43
52            android:exported="false" >
52-->[:react-native-firebase_app] AndroidManifest.xml:16:13-37
53            <meta-data
53-->[:react-native-firebase_app] AndroidManifest.xml:18:13-20:85
54                android:name="com.google.firebase.components:io.invertase.firebase.app.ReactNativeFirebaseAppRegistrar"
54-->[:react-native-firebase_app] AndroidManifest.xml:19:17-120
55                android:value="com.google.firebase.components.ComponentRegistrar" />
55-->[:react-native-firebase_app] AndroidManifest.xml:20:17-82
56            <meta-data
56-->[com.google.firebase:firebase-firestore:24.7.1] AndroidManifest.xml:17:13-19:85
57                android:name="com.google.firebase.components:com.google.firebase.firestore.FirestoreRegistrar"
57-->[com.google.firebase:firebase-firestore:24.7.1] AndroidManifest.xml:18:17-111
58                android:value="com.google.firebase.components.ComponentRegistrar" />
58-->[com.google.firebase:firebase-firestore:24.7.1] AndroidManifest.xml:19:17-82
59            <meta-data
59-->[com.google.firebase:firebase-auth:22.1.1] AndroidManifest.xml:69:13-71:85
60                android:name="com.google.firebase.components:com.google.firebase.auth.FirebaseAuthRegistrar"
60-->[com.google.firebase:firebase-auth:22.1.1] AndroidManifest.xml:70:17-109
61                android:value="com.google.firebase.components.ComponentRegistrar" />
61-->[com.google.firebase:firebase-auth:22.1.1] AndroidManifest.xml:71:17-82
62            <meta-data
62-->[com.google.firebase:firebase-storage:20.2.1] AndroidManifest.xml:32:13-34:85
63                android:name="com.google.firebase.components:com.google.firebase.storage.StorageRegistrar"
63-->[com.google.firebase:firebase-storage:20.2.1] AndroidManifest.xml:33:17-107
64                android:value="com.google.firebase.components.ComponentRegistrar" />
64-->[com.google.firebase:firebase-storage:20.2.1] AndroidManifest.xml:34:17-82
65        </service>
66
67        <provider
67-->[:react-native-firebase_app] AndroidManifest.xml:23:9-27:38
68            android:name="io.invertase.firebase.app.ReactNativeFirebaseAppInitProvider"
68-->[:react-native-firebase_app] AndroidManifest.xml:24:13-88
69            android:authorities="com.nobelist.reactnativefirebaseappinitprovider"
69-->[:react-native-firebase_app] AndroidManifest.xml:25:13-86
70            android:exported="false"
70-->[:react-native-firebase_app] AndroidManifest.xml:26:13-37
71            android:initOrder="99" />
71-->[:react-native-firebase_app] AndroidManifest.xml:27:13-35
72        <provider
72-->[:react-native-image-picker] AndroidManifest.xml:8:9-16:20
73            android:name="com.imagepicker.ImagePickerProvider"
73-->[:react-native-image-picker] AndroidManifest.xml:9:13-63
74            android:authorities="com.nobelist.imagepickerprovider"
74-->[:react-native-image-picker] AndroidManifest.xml:10:13-71
75            android:exported="false"
75-->[:react-native-image-picker] AndroidManifest.xml:11:13-37
76            android:grantUriPermissions="true" >
76-->[:react-native-image-picker] AndroidManifest.xml:12:13-47
77            <meta-data
77-->[:react-native-image-picker] AndroidManifest.xml:13:13-15:70
78                android:name="android.support.FILE_PROVIDER_PATHS"
78-->[:react-native-image-picker] AndroidManifest.xml:14:17-67
79                android:resource="@xml/imagepicker_provider_paths" />
79-->[:react-native-image-picker] AndroidManifest.xml:15:17-67
80        </provider>
81
82        <activity
82-->[com.google.firebase:firebase-auth:22.1.1] AndroidManifest.xml:29:9-46:20
83            android:name="com.google.firebase.auth.internal.GenericIdpActivity"
83-->[com.google.firebase:firebase-auth:22.1.1] AndroidManifest.xml:30:13-80
84            android:excludeFromRecents="true"
84-->[com.google.firebase:firebase-auth:22.1.1] AndroidManifest.xml:31:13-46
85            android:exported="true"
85-->[com.google.firebase:firebase-auth:22.1.1] AndroidManifest.xml:32:13-36
86            android:launchMode="singleTask"
86-->[com.google.firebase:firebase-auth:22.1.1] AndroidManifest.xml:33:13-44
87            android:theme="@android:style/Theme.Translucent.NoTitleBar" >
87-->[com.google.firebase:firebase-auth:22.1.1] AndroidManifest.xml:34:13-72
88            <intent-filter>
88-->[com.google.firebase:firebase-auth:22.1.1] AndroidManifest.xml:35:13-45:29
89                <action android:name="android.intent.action.VIEW" />
89-->[com.google.firebase:firebase-auth:22.1.1] AndroidManifest.xml:36:17-69
89-->[com.google.firebase:firebase-auth:22.1.1] AndroidManifest.xml:36:25-66
90
91                <category android:name="android.intent.category.DEFAULT" />
91-->[com.google.firebase:firebase-auth:22.1.1] AndroidManifest.xml:38:17-76
91-->[com.google.firebase:firebase-auth:22.1.1] AndroidManifest.xml:38:27-73
92                <category android:name="android.intent.category.BROWSABLE" />
92-->[com.google.firebase:firebase-auth:22.1.1] AndroidManifest.xml:39:17-78
92-->[com.google.firebase:firebase-auth:22.1.1] AndroidManifest.xml:39:27-75
93
94                <data
94-->[com.google.firebase:firebase-auth:22.1.1] AndroidManifest.xml:41:17-44:51
95                    android:host="firebase.auth"
95-->[com.google.firebase:firebase-auth:22.1.1] AndroidManifest.xml:42:21-49
96                    android:path="/"
96-->[com.google.firebase:firebase-auth:22.1.1] AndroidManifest.xml:43:21-37
97                    android:scheme="genericidp" />
97-->[com.google.firebase:firebase-auth:22.1.1] AndroidManifest.xml:44:21-48
98            </intent-filter>
99        </activity>
100        <activity
100-->[com.google.firebase:firebase-auth:22.1.1] AndroidManifest.xml:47:9-64:20
101            android:name="com.google.firebase.auth.internal.RecaptchaActivity"
101-->[com.google.firebase:firebase-auth:22.1.1] AndroidManifest.xml:48:13-79
102            android:excludeFromRecents="true"
102-->[com.google.firebase:firebase-auth:22.1.1] AndroidManifest.xml:49:13-46
103            android:exported="true"
103-->[com.google.firebase:firebase-auth:22.1.1] AndroidManifest.xml:50:13-36
104            android:launchMode="singleTask"
104-->[com.google.firebase:firebase-auth:22.1.1] AndroidManifest.xml:51:13-44
105            android:theme="@android:style/Theme.Translucent.NoTitleBar" >
105-->[com.google.firebase:firebase-auth:22.1.1] AndroidManifest.xml:52:13-72
106            <intent-filter>
106-->[com.google.firebase:firebase-auth:22.1.1] AndroidManifest.xml:53:13-63:29
107                <action android:name="android.intent.action.VIEW" />
107-->[com.google.firebase:firebase-auth:22.1.1] AndroidManifest.xml:36:17-69
107-->[com.google.firebase:firebase-auth:22.1.1] AndroidManifest.xml:36:25-66
108
109                <category android:name="android.intent.category.DEFAULT" />
109-->[com.google.firebase:firebase-auth:22.1.1] AndroidManifest.xml:38:17-76
109-->[com.google.firebase:firebase-auth:22.1.1] AndroidManifest.xml:38:27-73
110                <category android:name="android.intent.category.BROWSABLE" />
110-->[com.google.firebase:firebase-auth:22.1.1] AndroidManifest.xml:39:17-78
110-->[com.google.firebase:firebase-auth:22.1.1] AndroidManifest.xml:39:27-75
111
112                <data
112-->[com.google.firebase:firebase-auth:22.1.1] AndroidManifest.xml:41:17-44:51
113                    android:host="firebase.auth"
113-->[com.google.firebase:firebase-auth:22.1.1] AndroidManifest.xml:42:21-49
114                    android:path="/"
114-->[com.google.firebase:firebase-auth:22.1.1] AndroidManifest.xml:43:21-37
115                    android:scheme="recaptcha" />
115-->[com.google.firebase:firebase-auth:22.1.1] AndroidManifest.xml:44:21-48
116            </intent-filter>
117        </activity>
118        <activity
118-->[com.google.android.gms:play-services-auth:20.6.0] AndroidManifest.xml:23:9-27:75
119            android:name="com.google.android.gms.auth.api.signin.internal.SignInHubActivity"
119-->[com.google.android.gms:play-services-auth:20.6.0] AndroidManifest.xml:24:13-93
120            android:excludeFromRecents="true"
120-->[com.google.android.gms:play-services-auth:20.6.0] AndroidManifest.xml:25:13-46
121            android:exported="false"
121-->[com.google.android.gms:play-services-auth:20.6.0] AndroidManifest.xml:26:13-37
122            android:theme="@android:style/Theme.Translucent.NoTitleBar" />
122-->[com.google.android.gms:play-services-auth:20.6.0] AndroidManifest.xml:27:13-72
123        <!--
124            Service handling Google Sign-In user revocation. For apps that do not integrate with
125            Google Sign-In, this service will never be started.
126        -->
127        <service
127-->[com.google.android.gms:play-services-auth:20.6.0] AndroidManifest.xml:33:9-37:51
128            android:name="com.google.android.gms.auth.api.signin.RevocationBoundService"
128-->[com.google.android.gms:play-services-auth:20.6.0] AndroidManifest.xml:34:13-89
129            android:exported="true"
129-->[com.google.android.gms:play-services-auth:20.6.0] AndroidManifest.xml:35:13-36
130            android:permission="com.google.android.gms.auth.api.signin.permission.REVOCATION_NOTIFICATION"
130-->[com.google.android.gms:play-services-auth:20.6.0] AndroidManifest.xml:36:13-107
131            android:visibleToInstantApps="true" />
131-->[com.google.android.gms:play-services-auth:20.6.0] AndroidManifest.xml:37:13-48
132
133        <activity
133-->[com.google.android.gms:play-services-base:18.0.1] AndroidManifest.xml:20:9-22:45
134            android:name="com.google.android.gms.common.api.GoogleApiActivity"
134-->[com.google.android.gms:play-services-base:18.0.1] AndroidManifest.xml:20:19-85
135            android:exported="false"
135-->[com.google.android.gms:play-services-base:18.0.1] AndroidManifest.xml:22:19-43
136            android:theme="@android:style/Theme.Translucent.NoTitleBar" />
136-->[com.google.android.gms:play-services-base:18.0.1] AndroidManifest.xml:21:19-78
137
138        <provider
138-->[com.google.firebase:firebase-common:20.3.3] AndroidManifest.xml:25:9-30:39
139            android:name="com.google.firebase.provider.FirebaseInitProvider"
139-->[com.google.firebase:firebase-common:20.3.3] AndroidManifest.xml:26:13-77
140            android:authorities="com.nobelist.firebaseinitprovider"
140-->[com.google.firebase:firebase-common:20.3.3] AndroidManifest.xml:27:13-72
141            android:directBootAware="true"
141-->[com.google.firebase:firebase-common:20.3.3] AndroidManifest.xml:28:13-43
142            android:exported="false"
142-->[com.google.firebase:firebase-common:20.3.3] AndroidManifest.xml:29:13-37
143            android:initOrder="100" />
143-->[com.google.firebase:firebase-common:20.3.3] AndroidManifest.xml:30:13-36
144
145        <meta-data
145-->[com.google.android.gms:play-services-basement:18.2.0] AndroidManifest.xml:21:9-23:69
146            android:name="com.google.android.gms.version"
146-->[com.google.android.gms:play-services-basement:18.2.0] AndroidManifest.xml:22:13-58
147            android:value="@integer/google_play_services_version" />
147-->[com.google.android.gms:play-services-basement:18.2.0] AndroidManifest.xml:23:13-66
148
149        <provider
149-->[androidx.emoji2:emoji2:1.0.0] AndroidManifest.xml:26:9-34:20
150            android:name="androidx.startup.InitializationProvider"
150-->[androidx.emoji2:emoji2:1.0.0] AndroidManifest.xml:27:13-67
151            android:authorities="com.nobelist.androidx-startup"
151-->[androidx.emoji2:emoji2:1.0.0] AndroidManifest.xml:28:13-68
152            android:exported="false" >
152-->[androidx.emoji2:emoji2:1.0.0] AndroidManifest.xml:29:13-37
153            <meta-data
153-->[androidx.emoji2:emoji2:1.0.0] AndroidManifest.xml:31:13-33:52
154                android:name="androidx.emoji2.text.EmojiCompatInitializer"
154-->[androidx.emoji2:emoji2:1.0.0] AndroidManifest.xml:32:17-75
155                android:value="androidx.startup" />
155-->[androidx.emoji2:emoji2:1.0.0] AndroidManifest.xml:33:17-49
156            <meta-data
156-->[androidx.lifecycle:lifecycle-process:2.4.0] AndroidManifest.xml:31:13-33:52
157                android:name="androidx.lifecycle.ProcessLifecycleInitializer"
157-->[androidx.lifecycle:lifecycle-process:2.4.0] AndroidManifest.xml:32:17-78
158                android:value="androidx.startup" />
158-->[androidx.lifecycle:lifecycle-process:2.4.0] AndroidManifest.xml:33:17-49
159        </provider>
160
161        <meta-data
161-->[com.facebook.soloader:soloader:0.10.5] AndroidManifest.xml:12:9-14:37
162            android:name="com.facebook.soloader.enabled"
162-->[com.facebook.soloader:soloader:0.10.5] AndroidManifest.xml:13:13-57
163            android:value="false" />
163-->[com.facebook.soloader:soloader:0.10.5] AndroidManifest.xml:14:13-34
164    </application>
165
166</manifest>